<?xml version="1.0" encoding="UTF-8"?>
<testsuite xmlns:xsi="http://www.w3.org/2001/XMLSchema-instance" xsi:noNamespaceSchemaLocation="https://maven.apache.org/surefire/maven-surefire-plugin/xsd/surefire-test-report.xsd" name="TestSuite" time="2.619" tests="4" errors="0" skipped="0" failures="4">
  <properties>
[...]
</properties>
  <testcase name="Landing" classname="EatasamAutomation.Garage.LandingScreen" time="1.082">
    <failure type="java.lang.NullPointerException">java.lang.NullPointerException
	at EatasamAutomation.Garage.LandingScreen.captureScreenshot(LandingScreen.java:52)
	at EatasamAutomation.Garage.LandingScreen.Landing(LandingScreen.java:222)
</failure>
    <system-err><![CDATA[SLF4J: No SLF4J providers were found.
SLF4J: Defaulting to no-operation (NOP) logger implementation
SLF4J: See https://www.slf4j.org/codes.html#noProviders for further details.
]]></system-err>
  </testcase>
  <testcase name="Login" classname="EatasamAutomation.Garage.Optimized" time="0.023">
    <failure type="java.lang.NullPointerException">java.lang.NullPointerException
	at EatasamAutomation.Garage.Optimized.captureScreenshot(Optimized.java:91)
	at EatasamAutomation.Garage.Optimized.Login(Optimized.java:253)
</failure>
  </testcase>
  <testcase name="tearDown" classname="EatasamAutomation.Garage.Optimized" time="0.023">
    <failure type="java.lang.NullPointerException">java.lang.NullPointerException
	at EatasamAutomation.Garage.Optimized.tearDown(Optimized.java:260)
</failure>
  </testcase>
  <testcase name="Setting" classname="EatasamAutomation.Garage.Settings" time="0.014">
    <failure type="java.lang.NullPointerException">java.lang.NullPointerException
	at EatasamAutomation.Garage.Settings.captureScreenshot(Settings.java:67)
	at EatasamAutomation.Garage.Settings.Setting(Settings.java:332)
</failure>
  </testcase>
</testsuite>