<?xml version="1.0" encoding="UTF-8"?>
<!-- Generated by org.testng.reporters.JUnitXMLReporter -->
<testsuite ignored="0" hostname="Eatasam" failures="1" tests="1" name="Login" time="1.758" errors="0" timestamp="2024-10-23T17:08:07 AST">
  <testcase classname="EatasamAutomation.Garage.LandingScreen" name="Landing" time="1.082">
    <failure type="java.lang.NullPointerException">
      <![CDATA[java.lang.NullPointerException
at EatasamAutomation.Garage.LandingScreen.captureScreenshot(LandingScreen.java:52)
at EatasamAutomation.Garage.LandingScreen.Landing(LandingScreen.java:222)
at java.base/java.util.ArrayList.forEach(ArrayList.java:1541)
... Removed 31 stack frames]]>
    </failure>
  </testcase> <!-- Landing -->
</testsuite> <!-- Login -->
