<?xml version="1.0" encoding="UTF-8"?>
<!-- Generated by org.testng.reporters.JUnitXMLReporter -->
<testsuite ignored="0" hostname="Eatasam" failures="1" tests="1" name="More" time="0.097" errors="0" timestamp="2024-10-23T17:08:07 AST">
  <testcase classname="EatasamAutomation.Garage.Settings" name="Setting" time="0.014">
    <failure type="java.lang.NullPointerException">
      <![CDATA[java.lang.NullPointerException
at EatasamAutomation.Garage.Settings.captureScreenshot(Settings.java:67)
at EatasamAutomation.Garage.Settings.Setting(Settings.java:332)
at java.base/java.util.ArrayList.forEach(ArrayList.java:1541)
... Removed 31 stack frames]]>
    </failure>
  </testcase> <!-- Setting -->
</testsuite> <!-- More -->
