<?xml version="1.0" encoding="UTF-8"?>
<!-- Generated by org.testng.reporters.JUnitXMLReporter -->
<testsuite ignored="0" hostname="Eatasam" failures="1" tests="1" name="MyCars" time="0.023" errors="0" timestamp="2024-10-23T17:08:07 AST">
  <testcase classname="EatasamAutomation.Garage.Optimized" name="@AfterTest tearDown" time="0.0">
    <failure type="java.lang.NullPointerException">
      <![CDATA[java.lang.NullPointerException
at EatasamAutomation.Garage.Optimized.tearDown(Optimized.java:260)
... Removed 28 stack frames]]>
    </failure>
  </testcase> <!-- @AfterTest tearDown -->
  <testcase classname="EatasamAutomation.Garage.Optimized" name="Login" time="0.017">
    <failure type="java.lang.NullPointerException">
      <![CDATA[java.lang.NullPointerException
at EatasamAutomation.Garage.Optimized.captureScreenshot(Optimized.java:91)
at EatasamAutomation.Garage.Optimized.Login(Optimized.java:253)
at java.base/java.util.ArrayList.forEach(ArrayList.java:1541)
... Removed 31 stack frames]]>
    </failure>
  </testcase> <!-- Login -->
</testsuite> <!-- MyCars -->
