<?xml version="1.0" encoding="UTF-8"?>
<testng-results ignored="0" total="1" passed="1" failed="0" skipped="0">
  <reporter-output>
  </reporter-output>
  <suite started-at="2024-10-29T11:45:02 AST" name="Default suite" finished-at="2024-10-29T11:47:04 AST" duration-ms="121976">
    <groups>
    </groups>
    <test started-at="2024-10-29T11:45:02 AST" name="Default test" finished-at="2024-10-29T11:47:04 AST" duration-ms="121976">
      <class name="EatasamAutomation.Garage.AddCar">
        <test-method is-config="true" signature="config()[pri:0, instance:EatasamAutomation.Garage.AddCar@6f01b95f]" started-at="2024-10-29T11:45:02 AST" name="config" finished-at="2024-10-29T11:45:02 AST" duration-ms="163" status="PASS">
          <reporter-output>
          </reporter-output>
        </test-method> <!-- config -->
        <test-method signature="Login()[pri:0, instance:EatasamAutomation.Garage.AddCar@6f01b95f]" started-at="2024-10-29T11:45:02 AST" name="Login" finished-at="2024-10-29T11:47:03 AST" duration-ms="121075" status="PASS">
          <reporter-output>
          </reporter-output>
        </test-method> <!-- Login -->
        <test-method is-config="true" signature="tearDown()[pri:0, instance:EatasamAutomation.Garage.AddCar@6f01b95f]" started-at="2024-10-29T11:47:03 AST" name="tearDown" finished-at="2024-10-29T11:47:04 AST" duration-ms="712" status="PASS">
          <reporter-output>
          </reporter-output>
        </test-method> <!-- tearDown -->
      </class> <!-- EatasamAutomation.Garage.AddCar -->
    </test> <!-- Default test -->
  </suite> <!-- Default suite -->
</testng-results>
